<?xml version="1.0" encoding="UTF-8"?>
<testng-results ignored="0" total="1" passed="1" failed="0" skipped="0">
  <reporter-output>
  </reporter-output>
  <suite started-at="2021-05-30T20:52:10 IST" name="Suite" finished-at="2021-05-30T20:52:20 IST" duration-ms="9599">
    <groups>
    </groups>
    <test started-at="2021-05-30T20:52:10 IST" name="Test" finished-at="2021-05-30T20:52:20 IST" duration-ms="9599">
      <class name="Test.Demo">
        <test-method is-config="true" signature="beforeclass()[pri:0, instance:Test.Demo@291ae]" started-at="2021-05-30T20:52:11 IST" name="beforeclass" finished-at="2021-05-30T20:52:14 IST" duration-ms="3050" status="PASS">
          <reporter-output>
          </reporter-output>
        </test-method> <!-- beforeclass -->
        <test-method signature="run()[pri:0, instance:Test.Demo@291ae]" started-at="2021-05-30T20:52:14 IST" name="run" finished-at="2021-05-30T20:52:19 IST" duration-ms="5210" status="PASS">
          <reporter-output>
          </reporter-output>
        </test-method> <!-- run -->
        <test-method is-config="true" signature="afterclass()[pri:0, instance:Test.Demo@291ae]" started-at="2021-05-30T20:52:19 IST" name="afterclass" finished-at="2021-05-30T20:52:20 IST" duration-ms="1268" status="PASS">
          <reporter-output>
          </reporter-output>
        </test-method> <!-- afterclass -->
      </class> <!-- Test.Demo -->
    </test> <!-- Test -->
  </suite> <!-- Suite -->
</testng-results>
